{
  "RSpec": {
    "coverage": {
      "/home/effulgent-animator-8963/tic-tac-toe-rb-ruby-apply-000/lib/tic_tac_toe.rb": [
        1,
        null,
        1,
        23,
        23,
        23,
        23,
        23,
        null,
        null,
        1,
        44569,
        44569,
        401121,
        116290,
        null,
        null,
        44569,
        null,
        null,
        1,
        44569,
        15,
        null,
        44554,
        null,
        null,
        null,
        1,
        44569,
        null,
        null,
        1,
        44431,
        23,
        null,
        44408,
        null,
        null,
        null,
        1,
        44569,
        23,
        null,
        44546,
        null,
        null,
        null,
        1,
        23,
        null,
        null,
        null,
        1,
        44579,
        44573,
        44569,
        44569,
        44569,
        23,
        23,
        null,
        44546,
        null,
        null,
        null,
        null,
        null,
        1,
        null,
        null,
        null,
        null,
        null,
        null,
        null,
        null,
        null,
        null,
        1,
        0,
        0,
        0,
        0,
        null,
        0,
        0,
        0,
        null,
        0,
        0,
        0,
        0,
        null,
        null,
        0,
        null,
        null,
        1,
        0,
        0,
        null,
        null,
        null,
        1,
        0,
        null,
        null,
        1,
        0,
        null,
        null,
        1,
        0,
        0,
        null,
        null,
        null,
        1,
        12,
        12,
        35,
        23,
        null,
        null
      ]
    },
    "timestamp": 1592689904
  }
}
