{
  "RSpec": {
    "coverage": {
      "/home/effulgent-animator-8963/tic-tac-toe-rb-ruby-apply-000/lib/tic_tac_toe.rb": [
        1,
        null,
        1,
        18,
        18,
        18,
        18,
        18,
        null,
        null,
        1,
        18,
        18,
        162,
        27,
        null,
        null,
        18,
        null,
        null,
        1,
        18,
        11,
        null,
        7,
        null,
        null,
        null,
        1,
        18,
        null,
        null,
        1,
        18,
        18,
        null,
        0,
        null,
        null,
        null,
        1,
        18,
        18,
        null,
        0,
        null,
        null,
        null,
        1,
        18,
        null,
        null,
        null,
        1,
        18,
        18,
        18,
        18,
        18,
        18,
        18,
        null,
        0,
        null,
        null,
        null,
        null,
        null,
        1,
        null,
        null,
        null,
        null,
        null,
        null,
        null,
        null,
        null,
        null,
        1,
        30,
        183,
        183,
        183,
        null,
        183,
        183,
        183,
        null,
        183,
        9,
        174,
        3,
        null,
        null,
        18,
        null,
        null,
        1,
        16,
        69,
        null,
        null,
        null,
        1,
        16,
        null,
        null,
        1,
        19,
        null,
        null,
        1,
        11,
        4,
        null,
        null,
        null,
        1,
        12,
        12,
        18,
        18,
        null,
        12,
        12,
        4,
        8,
        1,
        null,
        7,
        null,
        null,
        null,
        null,
        null
      ]
    },
    "timestamp": 1592690896
  }
}
